2022-03-01  2:49:07 0 [Note] InnoDB: Mutexes and rw_locks use Windows interlocked functions
2022-03-01  2:49:07 0 [Note] InnoDB: Uses event mutexes
2022-03-01  2:49:07 0 [Note] InnoDB: Compressed tables use zlib 1.2.11
2022-03-01  2:49:07 0 [Note] InnoDB: Number of pools: 1
2022-03-01  2:49:07 0 [Note] InnoDB: Using SSE2 crc32 instructions
2022-03-01  2:49:07 0 [Note] InnoDB: Initializing buffer pool, total size = 128M, instances = 1, chunk size = 128M
2022-03-01  2:49:07 0 [Note] InnoDB: Completed initialization of buffer pool
2022-03-01  2:49:07 0 [Note] InnoDB: 128 out of 128 rollback segments are active.
2022-03-01  2:49:07 0 [Note] InnoDB: Creating shared tablespace for temporary tables
2022-03-01  2:49:07 0 [Note] InnoDB: Setting file '.\ibtmp1' size to 12 MB. Physically writing the file full; Please wait ...
2022-03-01  2:49:07 0 [Note] InnoDB: File '.\ibtmp1' size is now 12 MB.
2022-03-01  2:49:07 0 [Note] InnoDB: Waiting for purge to start
2022-03-01  2:49:07 0 [Note] InnoDB: 10.4.22 started; log sequence number 60967; transaction id 20
2022-03-01  2:49:07 0 [Note] InnoDB: Loading buffer pool(s) from D:\Bitnami\wampstack-8.1.2-0\mariadb\data\ib_buffer_pool
2022-03-01  2:49:07 0 [Note] Plugin 'FEEDBACK' is disabled.
2022-03-01  2:49:07 0 [Note] Server socket created on IP: '127.0.0.1'.
2022-03-01  2:49:07 0 [Note] InnoDB: Buffer pool(s) load completed at 220301  2:49:07
2022-03-01  2:49:07 0 [Note] Reading of all Master_info entries succeeded
2022-03-01  2:49:07 0 [Note] Added new Master_info '' to hash table
2022-03-01  2:49:07 0 [Note] D:\Bitnami\wampstack-8.1.2-0\mariadb\bin\mysqld.exe: ready for connections.
Version: '10.4.22-MariaDB'  socket: ''  port: 3306  mariadb.org binary distribution
2022-03-01  2:49:42 0 [Note] D:\Bitnami\wampstack-8.1.2-0\mariadb\bin\mysqld.exe (initiated by: root[root] @ localhost [127.0.0.1]): Normal shutdown
2022-03-01  2:49:42 0 [Note] Event Scheduler: Purging the queue. 0 events
2022-03-01  2:49:42 0 [Note] InnoDB: FTS optimize thread exiting.
2022-03-01  2:49:42 0 [Note] InnoDB: Starting shutdown...
2022-03-01  2:49:42 0 [Note] InnoDB: Dumping buffer pool(s) to D:\Bitnami\wampstack-8.1.2-0\mariadb\data\ib_buffer_pool
2022-03-01  2:49:42 0 [Note] InnoDB: Buffer pool(s) dump completed at 220301  2:49:42
2022-03-01  2:49:43 0 [Note] InnoDB: Removed temporary tablespace data file: "ibtmp1"
2022-03-01  2:49:43 0 [Note] InnoDB: Shutdown completed; log sequence number 60976; transaction id 21
2022-03-01  2:49:43 0 [Note] D:\Bitnami\wampstack-8.1.2-0\mariadb\bin\mysqld.exe: Shutdown complete

2022-03-01  2:50:37 0 [Note] InnoDB: Mutexes and rw_locks use Windows interlocked functions
2022-03-01  2:50:37 0 [Note] InnoDB: Uses event mutexes
2022-03-01  2:50:37 0 [Note] InnoDB: Compressed tables use zlib 1.2.11
2022-03-01  2:50:37 0 [Note] InnoDB: Number of pools: 1
2022-03-01  2:50:37 0 [Note] InnoDB: Using SSE2 crc32 instructions
2022-03-01  2:50:37 0 [Note] InnoDB: Initializing buffer pool, total size = 128M, instances = 1, chunk size = 128M
2022-03-01  2:50:37 0 [Note] InnoDB: Completed initialization of buffer pool
2022-03-01  2:50:37 0 [Note] InnoDB: 128 out of 128 rollback segments are active.
2022-03-01  2:50:37 0 [Note] InnoDB: Creating shared tablespace for temporary tables
2022-03-01  2:50:37 0 [Note] InnoDB: Setting file '.\ibtmp1' size to 12 MB. Physically writing the file full; Please wait ...
2022-03-01  2:50:37 0 [Note] InnoDB: File '.\ibtmp1' size is now 12 MB.
2022-03-01  2:50:37 0 [Note] InnoDB: Waiting for purge to start
2022-03-01  2:50:37 0 [Note] InnoDB: 10.4.22 started; log sequence number 60976; transaction id 20
2022-03-01  2:50:37 0 [Note] InnoDB: Loading buffer pool(s) from D:\Bitnami\wampstack-8.1.2-0\mariadb\data\ib_buffer_pool
2022-03-01  2:50:37 0 [Note] Plugin 'FEEDBACK' is disabled.
2022-03-01  2:50:37 0 [Note] Server socket created on IP: '127.0.0.1'.
2022-03-01  2:50:37 0 [Note] InnoDB: Buffer pool(s) load completed at 220301  2:50:37
2022-03-01  2:50:37 0 [Note] Reading of all Master_info entries succeeded
2022-03-01  2:50:37 0 [Note] Added new Master_info '' to hash table
2022-03-01  2:50:37 0 [Note] D:\Bitnami\wampstack-8.1.2-0\mariadb\bin\mysqld.exe: ready for connections.
Version: '10.4.22-MariaDB'  socket: ''  port: 3306  mariadb.org binary distribution
2022-03-01  3:37:42 0 [Note] D:\Bitnami\wampstack-8.1.2-0\mariadb\bin\mysqld.exe (initiated by: unknown): Normal shutdown
2022-03-01  3:37:42 0 [Note] Event Scheduler: Purging the queue. 0 events
2022-03-01  3:37:42 0 [Note] InnoDB: FTS optimize thread exiting.
2022-03-01  3:37:42 0 [Note] InnoDB: Starting shutdown...
2022-03-01  3:37:42 0 [Note] InnoDB: Dumping buffer pool(s) to D:\Bitnami\wampstack-8.1.2-0\mariadb\data\ib_buffer_pool
2022-03-01  3:37:42 0 [Note] InnoDB: Buffer pool(s) dump completed at 220301  3:37:42
2022-03-01  3:37:43 0 [Note] InnoDB: Removed temporary tablespace data file: "ibtmp1"
2022-03-01  3:37:43 0 [Note] InnoDB: Shutdown completed; log sequence number 60985; transaction id 21
2022-03-01  3:37:43 0 [Note] D:\Bitnami\wampstack-8.1.2-0\mariadb\bin\mysqld.exe: Shutdown complete

2022-03-01  3:38:54 0 [Note] InnoDB: Mutexes and rw_locks use Windows interlocked functions
2022-03-01  3:38:54 0 [Note] InnoDB: Uses event mutexes
2022-03-01  3:38:54 0 [Note] InnoDB: Compressed tables use zlib 1.2.11
2022-03-01  3:38:54 0 [Note] InnoDB: Number of pools: 1
2022-03-01  3:38:54 0 [Note] InnoDB: Using SSE2 crc32 instructions
2022-03-01  3:38:54 0 [Note] InnoDB: Initializing buffer pool, total size = 128M, instances = 1, chunk size = 128M
2022-03-01  3:38:54 0 [Note] InnoDB: Completed initialization of buffer pool
2022-03-01  3:38:54 0 [Note] InnoDB: 128 out of 128 rollback segments are active.
2022-03-01  3:38:54 0 [Note] InnoDB: Creating shared tablespace for temporary tables
2022-03-01  3:38:54 0 [Note] InnoDB: Setting file '.\ibtmp1' size to 12 MB. Physically writing the file full; Please wait ...
2022-03-01  3:38:54 0 [Note] InnoDB: File '.\ibtmp1' size is now 12 MB.
2022-03-01  3:38:54 0 [Note] InnoDB: Waiting for purge to start
2022-03-01  3:38:54 0 [Note] InnoDB: 10.4.22 started; log sequence number 60985; transaction id 20
2022-03-01  3:38:54 0 [Note] InnoDB: Loading buffer pool(s) from D:\Bitnami\wampstack-8.1.2-0\mariadb\data\ib_buffer_pool
2022-03-01  3:38:54 0 [Note] Plugin 'FEEDBACK' is disabled.
2022-03-01  3:38:54 0 [Note] InnoDB: Buffer pool(s) load completed at 220301  3:38:54
2022-03-01  3:38:54 0 [Note] Server socket created on IP: '127.0.0.1'.
2022-03-01  3:38:54 0 [Note] Reading of all Master_info entries succeeded
2022-03-01  3:38:54 0 [Note] Added new Master_info '' to hash table
2022-03-01  3:38:54 0 [Note] D:\Bitnami\wampstack-8.1.2-0\mariadb\bin\mysqld.exe: ready for connections.
Version: '10.4.22-MariaDB'  socket: ''  port: 3306  mariadb.org binary distribution
2022-03-01  4:59:34 0 [Note] D:\Bitnami\wampstack-8.1.2-0\mariadb\bin\mysqld.exe (initiated by: unknown): Normal shutdown
2022-03-01  4:59:34 0 [Note] Event Scheduler: Purging the queue. 0 events
2022-03-01  4:59:34 0 [Note] InnoDB: FTS optimize thread exiting.
2022-03-01  4:59:34 0 [Note] InnoDB: Starting shutdown...
2022-03-01  4:59:34 0 [Note] InnoDB: Dumping buffer pool(s) to D:\Bitnami\wampstack-8.1.2-0\mariadb\data\ib_buffer_pool
2022-03-01  4:59:34 0 [Note] InnoDB: Buffer pool(s) dump completed at 220301  4:59:34
2022-03-01  4:59:50 0 [Note] InnoDB: Mutexes and rw_locks use Windows interlocked functions
2022-03-01  4:59:50 0 [Note] InnoDB: Uses event mutexes
2022-03-01  4:59:50 0 [Note] InnoDB: Compressed tables use zlib 1.2.11
2022-03-01  4:59:50 0 [Note] InnoDB: Number of pools: 1
2022-03-01  4:59:50 0 [Note] InnoDB: Using SSE2 crc32 instructions
2022-03-01  4:59:50 0 [Note] InnoDB: Initializing buffer pool, total size = 128M, instances = 1, chunk size = 128M
2022-03-01  4:59:50 0 [Note] InnoDB: Completed initialization of buffer pool
2022-03-01  4:59:50 0 [Note] InnoDB: 128 out of 128 rollback segments are active.
2022-03-01  4:59:50 0 [Note] InnoDB: Removed temporary tablespace data file: "ibtmp1"
2022-03-01  4:59:50 0 [Note] InnoDB: Creating shared tablespace for temporary tables
2022-03-01  4:59:50 0 [Note] InnoDB: Setting file '.\ibtmp1' size to 12 MB. Physically writing the file full; Please wait ...
2022-03-01  4:59:50 0 [Note] InnoDB: File '.\ibtmp1' size is now 12 MB.
2022-03-01  4:59:50 0 [Note] InnoDB: Waiting for purge to start
2022-03-01  4:59:50 0 [Note] InnoDB: 10.4.22 started; log sequence number 60994; transaction id 20
2022-03-01  4:59:50 0 [Note] InnoDB: Loading buffer pool(s) from D:\Bitnami\wampstack-8.1.2-0\mariadb\data\ib_buffer_pool
2022-03-01  4:59:50 0 [Note] Plugin 'FEEDBACK' is disabled.
2022-03-01  4:59:50 0 [Note] InnoDB: Buffer pool(s) load completed at 220301  4:59:50
2022-03-01  4:59:50 0 [Note] Server socket created on IP: '127.0.0.1'.
2022-03-01  4:59:50 0 [Note] Reading of all Master_info entries succeeded
2022-03-01  4:59:50 0 [Note] Added new Master_info '' to hash table
2022-03-01  4:59:50 0 [Note] D:\Bitnami\wampstack-8.1.2-0\mariadb\bin\mysqld.exe: ready for connections.
Version: '10.4.22-MariaDB'  socket: ''  port: 3306  mariadb.org binary distribution
2022-03-05 19:27:34 0 [Note] InnoDB: Mutexes and rw_locks use Windows interlocked functions
2022-03-05 19:27:34 0 [Note] InnoDB: Uses event mutexes
2022-03-05 19:27:34 0 [Note] InnoDB: Compressed tables use zlib 1.2.11
2022-03-05 19:27:34 0 [Note] InnoDB: Number of pools: 1
2022-03-05 19:27:34 0 [Note] InnoDB: Using SSE2 crc32 instructions
2022-03-05 19:27:34 0 [Note] InnoDB: Initializing buffer pool, total size = 128M, instances = 1, chunk size = 128M
2022-03-05 19:27:34 0 [Note] InnoDB: Completed initialization of buffer pool
2022-03-05 19:27:34 0 [Note] InnoDB: Starting crash recovery from checkpoint LSN=60994
2022-03-05 19:27:34 0 [Note] InnoDB: 128 out of 128 rollback segments are active.
2022-03-05 19:27:34 0 [Note] InnoDB: Creating shared tablespace for temporary tables
2022-03-05 19:27:34 0 [Note] InnoDB: Setting file '.\ibtmp1' size to 12 MB. Physically writing the file full; Please wait ...
2022-03-05 19:27:34 0 [Note] InnoDB: File '.\ibtmp1' size is now 12 MB.
2022-03-05 19:27:34 0 [Note] InnoDB: Waiting for purge to start
2022-03-05 19:27:34 0 [Note] InnoDB: 10.4.22 started; log sequence number 61003; transaction id 20
2022-03-05 19:27:34 0 [Note] InnoDB: Loading buffer pool(s) from D:\Bitnami\wampstack-8.1.2-0\mariadb\data\ib_buffer_pool
2022-03-05 19:27:34 0 [Note] Plugin 'FEEDBACK' is disabled.
2022-03-05 19:27:34 0 [Note] InnoDB: Buffer pool(s) load completed at 220305 19:27:34
2022-03-05 19:27:34 0 [Note] Server socket created on IP: '127.0.0.1'.
2022-03-05 19:27:34 0 [Note] Reading of all Master_info entries succeeded
2022-03-05 19:27:34 0 [Note] Added new Master_info '' to hash table
2022-03-05 19:27:34 0 [Note] D:\Bitnami\wampstack-8.1.2-0\mariadb\bin\mysqld.exe: ready for connections.
Version: '10.4.22-MariaDB'  socket: ''  port: 3306  mariadb.org binary distribution
2022-03-06  5:18:12 0 [Note] D:\Bitnami\wampstack-8.1.2-0\mariadb\bin\mysqld.exe (initiated by: unknown): Normal shutdown
2022-03-06  5:18:12 0 [Note] InnoDB: FTS optimize thread exiting.
2022-03-06  5:18:12 0 [Note] Event Scheduler: Purging the queue. 0 events
2022-03-06  5:18:12 0 [Note] InnoDB: Starting shutdown...
2022-03-06  5:18:12 0 [Note] InnoDB: Dumping buffer pool(s) to D:\Bitnami\wampstack-8.1.2-0\mariadb\data\ib_buffer_pool
2022-03-06  5:18:12 0 [Note] InnoDB: Buffer pool(s) dump completed at 220306  5:18:12
2022-03-06  5:18:13 0 [Note] InnoDB: Removed temporary tablespace data file: "ibtmp1"
2022-03-06  5:18:13 0 [Note] InnoDB: Shutdown completed; log sequence number 61021; transaction id 21
2022-03-06  5:18:13 0 [Note] D:\Bitnami\wampstack-8.1.2-0\mariadb\bin\mysqld.exe: Shutdown complete

2022-03-06 20:18:02 0 [Note] InnoDB: Mutexes and rw_locks use Windows interlocked functions
2022-03-06 20:18:02 0 [Note] InnoDB: Uses event mutexes
2022-03-06 20:18:02 0 [Note] InnoDB: Compressed tables use zlib 1.2.11
2022-03-06 20:18:02 0 [Note] InnoDB: Number of pools: 1
2022-03-06 20:18:02 0 [Note] InnoDB: Using SSE2 crc32 instructions
2022-03-06 20:18:02 0 [Note] InnoDB: Initializing buffer pool, total size = 128M, instances = 1, chunk size = 128M
2022-03-06 20:18:02 0 [Note] InnoDB: Completed initialization of buffer pool
2022-03-06 20:18:02 0 [Note] InnoDB: 128 out of 128 rollback segments are active.
2022-03-06 20:18:02 0 [Note] InnoDB: Creating shared tablespace for temporary tables
2022-03-06 20:18:02 0 [Note] InnoDB: Setting file '.\ibtmp1' size to 12 MB. Physically writing the file full; Please wait ...
2022-03-06 20:18:02 0 [Note] InnoDB: File '.\ibtmp1' size is now 12 MB.
2022-03-06 20:18:02 0 [Note] InnoDB: Waiting for purge to start
2022-03-06 20:18:02 0 [Note] InnoDB: 10.4.22 started; log sequence number 61021; transaction id 20
2022-03-06 20:18:02 0 [Note] InnoDB: Loading buffer pool(s) from D:\Bitnami\wampstack-8.1.2-0\mariadb\data\ib_buffer_pool
2022-03-06 20:18:02 0 [Note] Plugin 'FEEDBACK' is disabled.
2022-03-06 20:18:02 0 [Note] InnoDB: Buffer pool(s) load completed at 220306 20:18:02
2022-03-06 20:18:02 0 [Note] Server socket created on IP: '127.0.0.1'.
2022-03-06 20:18:02 0 [Note] Reading of all Master_info entries succeeded
2022-03-06 20:18:02 0 [Note] Added new Master_info '' to hash table
2022-03-06 20:18:02 0 [Note] D:\Bitnami\wampstack-8.1.2-0\mariadb\bin\mysqld.exe: ready for connections.
Version: '10.4.22-MariaDB'  socket: ''  port: 3306  mariadb.org binary distribution
2022-03-06 21:36:00 0 [Note] D:\Bitnami\wampstack-8.1.2-0\mariadb\bin\mysqld.exe (initiated by: unknown): Normal shutdown
2022-03-06 21:36:00 0 [Note] Event Scheduler: Purging the queue. 0 events
2022-03-06 21:36:00 0 [Note] InnoDB: FTS optimize thread exiting.
2022-03-06 21:36:00 0 [Note] InnoDB: Starting shutdown...
2022-03-06 21:36:00 0 [Note] InnoDB: Dumping buffer pool(s) to D:\Bitnami\wampstack-8.1.2-0\mariadb\data\ib_buffer_pool
2022-03-06 21:36:00 0 [Note] InnoDB: Buffer pool(s) dump completed at 220306 21:36:00
2022-03-06 21:36:01 0 [Note] InnoDB: Removed temporary tablespace data file: "ibtmp1"
2022-03-06 21:36:01 0 [Note] InnoDB: Shutdown completed; log sequence number 61030; transaction id 21
2022-03-06 21:36:01 0 [Note] D:\Bitnami\wampstack-8.1.2-0\mariadb\bin\mysqld.exe: Shutdown complete

2022-03-06 21:36:01 0 [Note] InnoDB: Mutexes and rw_locks use Windows interlocked functions
2022-03-06 21:36:01 0 [Note] InnoDB: Uses event mutexes
2022-03-06 21:36:01 0 [Note] InnoDB: Compressed tables use zlib 1.2.11
2022-03-06 21:36:01 0 [Note] InnoDB: Number of pools: 1
2022-03-06 21:36:01 0 [Note] InnoDB: Using SSE2 crc32 instructions
2022-03-06 21:36:01 0 [Note] InnoDB: Initializing buffer pool, total size = 128M, instances = 1, chunk size = 128M
2022-03-06 21:36:02 0 [Note] InnoDB: Completed initialization of buffer pool
2022-03-06 21:36:02 0 [Note] InnoDB: 128 out of 128 rollback segments are active.
2022-03-06 21:36:02 0 [Note] InnoDB: Creating shared tablespace for temporary tables
2022-03-06 21:36:02 0 [Note] InnoDB: Setting file '.\ibtmp1' size to 12 MB. Physically writing the file full; Please wait ...
2022-03-06 21:36:02 0 [Note] InnoDB: File '.\ibtmp1' size is now 12 MB.
2022-03-06 21:36:02 0 [Note] InnoDB: Waiting for purge to start
2022-03-06 21:36:02 0 [Note] InnoDB: 10.4.22 started; log sequence number 61030; transaction id 20
2022-03-06 21:36:02 0 [Note] InnoDB: Loading buffer pool(s) from D:\Bitnami\wampstack-8.1.2-0\mariadb\data\ib_buffer_pool
2022-03-06 21:36:02 0 [Note] Plugin 'FEEDBACK' is disabled.
2022-03-06 21:36:02 0 [Note] InnoDB: Buffer pool(s) load completed at 220306 21:36:02
2022-03-06 21:36:02 0 [Note] Server socket created on IP: '127.0.0.1'.
2022-03-06 21:36:02 0 [Note] Reading of all Master_info entries succeeded
2022-03-06 21:36:02 0 [Note] Added new Master_info '' to hash table
2022-03-06 21:36:02 0 [Note] D:\Bitnami\wampstack-8.1.2-0\mariadb\bin\mysqld.exe: ready for connections.
Version: '10.4.22-MariaDB'  socket: ''  port: 3306  mariadb.org binary distribution
